Build started 12/7/2015 10:40:49 PM.
     1>Project "C:\Users\Young Jun Do\Documents\GitHub\GameProgrammingHW\Space Invaders\NYUCodebase\NYUCodebase\NYUCodebase.vcxproj" on node 2 (Build target(s)).
     1>ClCompile:
         C:\Program Files (x86)\Microsoft Visual Studio 12.0\VC\bin\CL.exe /c /IC:\SDL2\include /IC:\SDL2_image\include /IC:\glew\include /IC:\SDL2_mixer\include /ZI /nologo /W3 /WX- /sdl /Od /Oy- /D _WINDOWS /D _MBCS /D _MBCS /Gm /EHsc /RTC1 /MDd /GS /fp:precise /Zc:wchar_t /Zc:forScope /Fo"Debug\\" /Fd"Debug\vc120.pdb" /Gd /TP /analyze- /errorReport:prompt ClassDemoApp.cpp Entity.cpp main.cpp Matrix.cpp ShaderProgram.cpp SheetSprite.cpp
         SheetSprite.cpp
     1>c:\users\young jun do\documents\github\gameprogramminghw\space invaders\nyucodebase\nyucodebase\sheetsprite.cpp(8): warning C4244: '=' : conversion from 'float' to 'unsigned int', possible loss of data
     1>c:\users\young jun do\documents\github\gameprogramminghw\space invaders\nyucodebase\nyucodebase\sheetsprite.cpp(8): warning C4244: '=' : conversion from 'unsigned int' to 'float', possible loss of data
         ShaderProgram.cpp
         Matrix.cpp
     1>c:\users\young jun do\documents\github\gameprogramminghw\space invaders\nyucodebase\nyucodebase\matrix.cpp(213): warning C4244: 'argument' : conversion from 'double' to 'float', possible loss of data
     1>c:\users\young jun do\documents\github\gameprogramminghw\space invaders\nyucodebase\nyucodebase\matrix.cpp(214): warning C4244: 'argument' : conversion from 'double' to 'float', possible loss of data
         main.cpp
         Entity.cpp
         ClassDemoApp.cpp
     1>c:\users\young jun do\documents\github\gameprogramminghw\space invaders\nyucodebase\nyucodebase\classdemoapp.cpp(27): warning C4018: '<' : signed/unsigned mismatch
     1>c:\users\young jun do\documents\github\gameprogramminghw\space invaders\nyucodebase\nyucodebase\classdemoapp.cpp(84): warning C4305: 'argument' : truncation from 'double' to 'float'
     1>c:\users\young jun do\documents\github\gameprogramminghw\space invaders\nyucodebase\nyucodebase\classdemoapp.cpp(94): warning C4305: 'argument' : truncation from 'double' to 'float'
     1>c:\users\young jun do\documents\github\gameprogramminghw\space invaders\nyucodebase\nyucodebase\classdemoapp.cpp(99): warning C4305: 'argument' : truncation from 'double' to 'float'
     1>c:\users\young jun do\documents\github\gameprogramminghw\space invaders\nyucodebase\nyucodebase\classdemoapp.cpp(116): warning C4553: '==' : operator has no effect; did you intend '='?
     1>c:\users\young jun do\documents\github\gameprogramminghw\space invaders\nyucodebase\nyucodebase\classdemoapp.cpp(127): warning C4553: '==' : operator has no effect; did you intend '='?
     1>c:\users\young jun do\documents\github\gameprogramminghw\space invaders\nyucodebase\nyucodebase\classdemoapp.cpp(171): warning C4305: 'argument' : truncation from 'double' to 'float'
     1>c:\users\young jun do\documents\github\gameprogramminghw\space invaders\nyucodebase\nyucodebase\classdemoapp.cpp(176): warning C4018: '<' : signed/unsigned mismatch
     1>c:\users\young jun do\documents\github\gameprogramminghw\space invaders\nyucodebase\nyucodebase\classdemoapp.cpp(181): warning C4018: '<' : signed/unsigned mismatch
     1>c:\users\young jun do\documents\github\gameprogramminghw\space invaders\nyucodebase\nyucodebase\classdemoapp.cpp(186): warning C4018: '<' : signed/unsigned mismatch
     1>c:\users\young jun do\documents\github\gameprogramminghw\space invaders\nyucodebase\nyucodebase\classdemoapp.cpp(216): warning C4305: 'argument' : truncation from 'double' to 'float'
     1>c:\users\young jun do\documents\github\gameprogramminghw\space invaders\nyucodebase\nyucodebase\classdemoapp.cpp(237): warning C4305: 'argument' : truncation from 'double' to 'float'
     1>c:\users\young jun do\documents\github\gameprogramminghw\space invaders\nyucodebase\nyucodebase\classdemoapp.cpp(242): warning C4305: 'argument' : truncation from 'double' to 'float'
     1>c:\users\young jun do\documents\github\gameprogramminghw\space invaders\nyucodebase\nyucodebase\classdemoapp.cpp(277): warning C4018: '<' : signed/unsigned mismatch
     1>c:\users\young jun do\documents\github\gameprogramminghw\space invaders\nyucodebase\nyucodebase\classdemoapp.cpp(278): warning C4305: 'argument' : truncation from 'double' to 'float'
     1>c:\users\young jun do\documents\github\gameprogramminghw\space invaders\nyucodebase\nyucodebase\classdemoapp.cpp(287): warning C4244: 'return' : conversion from 'double' to 'float', possible loss of data
     1>c:\users\young jun do\documents\github\gameprogramminghw\space invaders\nyucodebase\nyucodebase\classdemoapp.cpp(297): warning C4244: 'initializing' : conversion from 'float' to 'int', possible loss of data
     1>c:\users\young jun do\documents\github\gameprogramminghw\space invaders\nyucodebase\nyucodebase\classdemoapp.cpp(303): warning C4018: '<' : signed/unsigned mismatch
     1>c:\users\young jun do\documents\github\gameprogramminghw\space invaders\nyucodebase\nyucodebase\classdemoapp.cpp(311): warning C4018: '<' : signed/unsigned mismatch
     1>c:\users\young jun do\documents\github\gameprogramminghw\space invaders\nyucodebase\nyucodebase\classdemoapp.cpp(325): warning C4018: '<' : signed/unsigned mismatch
     1>c:\users\young jun do\documents\github\gameprogramminghw\space invaders\nyucodebase\nyucodebase\classdemoapp.cpp(331): warning C4018: '<' : signed/unsigned mismatch
     1>c:\users\young jun do\documents\github\gameprogramminghw\space invaders\nyucodebase\nyucodebase\classdemoapp.cpp(344): warning C4018: '<' : signed/unsigned mismatch
     1>c:\users\young jun do\documents\github\gameprogramminghw\space invaders\nyucodebase\nyucodebase\classdemoapp.cpp(346): warning C4244: 'argument' : conversion from 'double' to 'float', possible loss of data
     1>c:\users\young jun do\documents\github\gameprogramminghw\space invaders\nyucodebase\nyucodebase\classdemoapp.cpp(355): warning C4018: '<' : signed/unsigned mismatch
         Generating Code...
     1>c:\users\young jun do\documents\github\gameprogramminghw\space invaders\nyucodebase\nyucodebase\classdemoapp.cpp(284): warning C4715: 'ClassDemoApp::CheckWall' : not all control paths return a value
       Link:
         C:\Program Files (x86)\Microsoft Visual Studio 12.0\VC\bin\link.exe /ERRORREPORT:PROMPT /OUT:"C:\Users\Young Jun Do\Documents\GitHub\GameProgrammingHW\Space Invaders\NYUCodebase\Debug\NYUCodebase.exe" /INCREMENTAL /NOLOGO /LIBPATH:C:\SDL2_mixer\lib\x86 /LIBPATH:C:\SDL2\lib\x86 /LIBPATH:C:\SDL2_image\lib\x86 /LIBPATH:C:\glew\lib\Release\Win32 SDL2.lib SDL2_mixer.lib glew32.lib SDL2main.lib SDL2_image.lib OpenGL32.lib /MANIFEST /MANIFESTUAC:"level='asInvoker' uiAccess='false'" /manifest:embed /DEBUG /PDB:"C:\Users\Young Jun Do\Documents\GitHub\GameProgrammingHW\Space Invaders\NYUCodebase\Debug\NYUCodebase.pdb" /SUBSYSTEM:WINDOWS /TLBID:1 /DYNAMICBASE /NXCOMPAT /IMPLIB:"C:\Users\Young Jun Do\Documents\GitHub\GameProgrammingHW\Space Invaders\NYUCodebase\Debug\NYUCodebase.lib" /MACHINE:X86 Debug\ClassDemoApp.obj
         Debug\Entity.obj
         Debug\main.obj
         Debug\Matrix.obj
         Debug\ShaderProgram.obj
         Debug\SheetSprite.obj
     1>MSVCRTD.lib(cinitexe.obj) : warning LNK4098: defaultlib 'msvcrt.lib' conflicts with use of other libs; use /NODEFAULTLIB:library
         NYUCodebase.vcxproj -> C:\Users\Young Jun Do\Documents\GitHub\GameProgrammingHW\Space Invaders\NYUCodebase\Debug\NYUCodebase.exe
     1>Done Building Project "C:\Users\Young Jun Do\Documents\GitHub\GameProgrammingHW\Space Invaders\NYUCodebase\NYUCodebase\NYUCodebase.vcxproj" (Build target(s)).

Build succeeded.

Time Elapsed 00:00:04.43
