Build started 12/11/2015 6:54:47 PM.
     1>Project "C:\Users\Young Jun Do\Documents\GitHub\GameProgrammingHW\Final Project\NYUCodebase\NYUCodebase\NYUCodebase.vcxproj" on node 2 (Build target(s)).
     1>ClCompile:
         C:\Program Files (x86)\Microsoft Visual Studio 12.0\VC\bin\CL.exe /c /IC:\SDL2\include /IC:\SDL2_image\include /IC:\glew\include /IC:\SDL2_mixer\include /ZI /nologo /W3 /WX- /sdl /Od /Oy- /D _WINDOWS /D _MBCS /D _MBCS /Gm /EHsc /RTC1 /MDd /GS /fp:precise /Zc:wchar_t /Zc:forScope /Fo"Debug\\" /Fd"Debug\vc120.pdb" /Gd /TP /analyze- /errorReport:prompt ClassDemoApp.cpp
         ClassDemoApp.cpp
     1>c:\users\young jun do\documents\github\gameprogramminghw\final project\nyucodebase\nyucodebase\classdemoapp.cpp(28): warning C4018: '<' : signed/unsigned mismatch
     1>c:\users\young jun do\documents\github\gameprogramminghw\final project\nyucodebase\nyucodebase\classdemoapp.cpp(106): warning C4305: 'argument' : truncation from 'double' to 'float'
     1>c:\users\young jun do\documents\github\gameprogramminghw\final project\nyucodebase\nyucodebase\classdemoapp.cpp(111): warning C4305: 'argument' : truncation from 'double' to 'float'
     1>c:\users\young jun do\documents\github\gameprogramminghw\final project\nyucodebase\nyucodebase\classdemoapp.cpp(165): warning C4553: '==' : operator has no effect; did you intend '='?
     1>c:\users\young jun do\documents\github\gameprogramminghw\final project\nyucodebase\nyucodebase\classdemoapp.cpp(166): warning C4244: '=' : conversion from 'double' to 'float', possible loss of data
     1>c:\users\young jun do\documents\github\gameprogramminghw\final project\nyucodebase\nyucodebase\classdemoapp.cpp(167): warning C4244: '=' : conversion from 'double' to 'float', possible loss of data
     1>c:\users\young jun do\documents\github\gameprogramminghw\final project\nyucodebase\nyucodebase\classdemoapp.cpp(176): warning C4553: '==' : operator has no effect; did you intend '='?
     1>c:\users\young jun do\documents\github\gameprogramminghw\final project\nyucodebase\nyucodebase\classdemoapp.cpp(392): warning C4018: '<' : signed/unsigned mismatch
     1>c:\users\young jun do\documents\github\gameprogramminghw\final project\nyucodebase\nyucodebase\classdemoapp.cpp(411): warning C4018: '<' : signed/unsigned mismatch
     1>c:\users\young jun do\documents\github\gameprogramminghw\final project\nyucodebase\nyucodebase\classdemoapp.cpp(416): warning C4018: '<' : signed/unsigned mismatch
     1>c:\users\young jun do\documents\github\gameprogramminghw\final project\nyucodebase\nyucodebase\classdemoapp.cpp(690): warning C4244: '=' : conversion from 'double' to 'float', possible loss of data
     1>c:\users\young jun do\documents\github\gameprogramminghw\final project\nyucodebase\nyucodebase\classdemoapp.cpp(691): warning C4244: '=' : conversion from 'double' to 'float', possible loss of data
     1>c:\users\young jun do\documents\github\gameprogramminghw\final project\nyucodebase\nyucodebase\classdemoapp.cpp(709): warning C4244: 'initializing' : conversion from 'double' to 'float', possible loss of data
     1>c:\users\young jun do\documents\github\gameprogramminghw\final project\nyucodebase\nyucodebase\classdemoapp.cpp(710): warning C4244: '+=' : conversion from 'double' to 'float', possible loss of data
     1>c:\users\young jun do\documents\github\gameprogramminghw\final project\nyucodebase\nyucodebase\classdemoapp.cpp(801): warning C4553: '==' : operator has no effect; did you intend '='?
     1>c:\users\young jun do\documents\github\gameprogramminghw\final project\nyucodebase\nyucodebase\classdemoapp.cpp(803): warning C4553: '==' : operator has no effect; did you intend '='?
     1>c:\users\young jun do\documents\github\gameprogramminghw\final project\nyucodebase\nyucodebase\classdemoapp.cpp(805): warning C4553: '==' : operator has no effect; did you intend '='?
     1>c:\users\young jun do\documents\github\gameprogramminghw\final project\nyucodebase\nyucodebase\classdemoapp.cpp(807): warning C4553: '==' : operator has no effect; did you intend '='?
     1>c:\users\young jun do\documents\github\gameprogramminghw\final project\nyucodebase\nyucodebase\classdemoapp.cpp(809): warning C4553: '==' : operator has no effect; did you intend '='?
     1>c:\users\young jun do\documents\github\gameprogramminghw\final project\nyucodebase\nyucodebase\classdemoapp.cpp(811): warning C4553: '==' : operator has no effect; did you intend '='?
     1>c:\users\young jun do\documents\github\gameprogramminghw\final project\nyucodebase\nyucodebase\classdemoapp.cpp(813): warning C4553: '==' : operator has no effect; did you intend '='?
     1>c:\users\young jun do\documents\github\gameprogramminghw\final project\nyucodebase\nyucodebase\classdemoapp.cpp(815): warning C4553: '==' : operator has no effect; did you intend '='?
     1>c:\users\young jun do\documents\github\gameprogramminghw\final project\nyucodebase\nyucodebase\classdemoapp.cpp(828): warning C4244: 'initializing' : conversion from 'double' to 'float', possible loss of data
     1>c:\users\young jun do\documents\github\gameprogramminghw\final project\nyucodebase\nyucodebase\classdemoapp.cpp(830): warning C4244: '+=' : conversion from 'double' to 'float', possible loss of data
     1>c:\users\young jun do\documents\github\gameprogramminghw\final project\nyucodebase\nyucodebase\classdemoapp.cpp(866): warning C4244: 'initializing' : conversion from 'double' to 'float', possible loss of data
     1>c:\users\young jun do\documents\github\gameprogramminghw\final project\nyucodebase\nyucodebase\classdemoapp.cpp(867): warning C4244: '-=' : conversion from 'double' to 'float', possible loss of data
     1>c:\users\young jun do\documents\github\gameprogramminghw\final project\nyucodebase\nyucodebase\classdemoapp.cpp(898): warning C4244: 'initializing' : conversion from 'double' to 'float', possible loss of data
     1>c:\users\young jun do\documents\github\gameprogramminghw\final project\nyucodebase\nyucodebase\classdemoapp.cpp(899): warning C4244: '+=' : conversion from 'double' to 'float', possible loss of data
     1>c:\users\young jun do\documents\github\gameprogramminghw\final project\nyucodebase\nyucodebase\classdemoapp.cpp(928): warning C4244: 'initializing' : conversion from 'double' to 'float', possible loss of data
     1>c:\users\young jun do\documents\github\gameprogramminghw\final project\nyucodebase\nyucodebase\classdemoapp.cpp(929): warning C4244: '-=' : conversion from 'double' to 'float', possible loss of data
     1>c:\users\young jun do\documents\github\gameprogramminghw\final project\nyucodebase\nyucodebase\classdemoapp.cpp(950): warning C4018: '<' : signed/unsigned mismatch
     1>c:\users\young jun do\documents\github\gameprogramminghw\final project\nyucodebase\nyucodebase\classdemoapp.cpp(997): warning C4018: '<' : signed/unsigned mismatch
     1>c:\users\young jun do\documents\github\gameprogramminghw\final project\nyucodebase\nyucodebase\classdemoapp.cpp(1030): warning C4018: '<' : signed/unsigned mismatch
       Link:
         C:\Program Files (x86)\Microsoft Visual Studio 12.0\VC\bin\link.exe /ERRORREPORT:PROMPT /OUT:"C:\Users\Young Jun Do\Documents\GitHub\GameProgrammingHW\Final Project\NYUCodebase\Debug\NYUCodebase.exe" /INCREMENTAL /NOLOGO /LIBPATH:C:\SDL2_mixer\lib\x86 /LIBPATH:C:\SDL2\lib\x86 /LIBPATH:C:\SDL2_image\lib\x86 /LIBPATH:C:\glew\lib\Release\Win32 SDL2.lib SDL2_mixer.lib glew32.lib SDL2main.lib SDL2_image.lib OpenGL32.lib /MANIFEST /MANIFESTUAC:"level='asInvoker' uiAccess='false'" /manifest:embed /DEBUG /PDB:"C:\Users\Young Jun Do\Documents\GitHub\GameProgrammingHW\Final Project\NYUCodebase\Debug\NYUCodebase.pdb" /SUBSYSTEM:WINDOWS /TLBID:1 /DYNAMICBASE /NXCOMPAT /IMPLIB:"C:\Users\Young Jun Do\Documents\GitHub\GameProgrammingHW\Final Project\NYUCodebase\Debug\NYUCodebase.lib" /MACHINE:X86 Debug\ClassDemoApp.obj
         Debug\Entity.obj
         Debug\main.obj
         Debug\Matrix.obj
         Debug\ShaderProgram.obj
         Debug\SheetSprite.obj
         NYUCodebase.vcxproj -> C:\Users\Young Jun Do\Documents\GitHub\GameProgrammingHW\Final Project\NYUCodebase\Debug\NYUCodebase.exe
     1>Done Building Project "C:\Users\Young Jun Do\Documents\GitHub\GameProgrammingHW\Final Project\NYUCodebase\NYUCodebase\NYUCodebase.vcxproj" (Build target(s)).

Build succeeded.

Time Elapsed 00:00:01.17
